<?xml version="1.0" encoding="UTF-8"?>
<testng-results ignored="0" total="1" passed="1" failed="0" skipped="0">
  <reporter-output>
  </reporter-output>
  <suite started-at="2023-05-04T11:18:10Z" name="Default suite" finished-at="2023-05-04T11:18:22Z" duration-ms="11896">
    <groups>
    </groups>
    <test started-at="2023-05-04T11:18:10Z" name="Default test" finished-at="2023-05-04T11:18:22Z" duration-ms="11896">
      <class name="DemoAmazon">
        <test-method signature="main()[pri:0, instance:DemoAmazon@3098cf3b]" started-at="2023-05-04T11:18:10Z" name="main" finished-at="2023-05-04T11:18:22Z" duration-ms="11865" status="PASS">
          <reporter-output>
          </reporter-output>
        </test-method> <!-- main -->
      </class> <!-- DemoAmazon -->
    </test> <!-- Default test -->
  </suite> <!-- Default suite -->
</testng-results>
